Started GET "/" for ::1 at 2022-06-26 13:58:58 -0400
  [1m[35m (2.4ms)[0m  [1m[34mSELECT sqlite_version(*)[0m
Processing by Rails::WelcomeController#index as HTML
  Rendering /Users/brianmeyer/.rvm/gems/ruby-3.0.0/gems/railties-7.0.3/lib/rails/templates/rails/welcome/index.html.erb
  Rendered /Users/brianmeyer/.rvm/gems/ruby-3.0.0/gems/railties-7.0.3/lib/rails/templates/rails/welcome/index.html.erb (Duration: 2.9ms | Allocations: 748)
Completed 200 OK in 21ms (Views: 8.8ms | ActiveRecord: 0.0ms | Allocations: 7083)


  [1m[35m (0.9ms)[0m  [1m[34mSELECT sqlite_version(*)[0m
  [1m[35m (1.0ms)[0m  [1m[35mCREATE TABLE "schema_migrations" ("version" varchar NOT NULL PRIMARY KEY)[0m
  [1m[35m (1.0ms)[0m  [1m[35mCREATE TABLE "ar_internal_metadata" ("key" varchar NOT NULL PRIMARY KEY, "value" varchar, "created_at" datetime(6) NOT NULL, "updated_at" datetime(6) NOT NULL)[0m
  [1m[36mActiveRecord::SchemaMigration Pluck (0.2ms)[0m  [1m[34mSELECT "schema_migrations"."version" FROM "schema_migrations" ORDER BY "schema_migrations"."version" ASC[0m
Migrating to CreateElects (20220626175939)
  [1m[36mTRANSACTION (0.1ms)[0m  [1m[36mbegin transaction[0m
  [1m[35m (0.4ms)[0m  [1m[35mCREATE TABLE "elects" ("id" integer PRIMARY KEY AUTOINCREMENT NOT NULL, "name" varchar, "facts" text, "created_at" datetime(6) NOT NULL, "updated_at" datetime(6) NOT NULL)[0m
  [1m[36mActiveRecord::SchemaMigration Create (0.2ms)[0m  [1m[32mINSERT INTO "schema_migrations" ("version") VALUES (?)[0m  [["version", "20220626175939"]]
  [1m[36mTRANSACTION (0.8ms)[0m  [1m[36mcommit transaction[0m
  [1m[36mActiveRecord::InternalMetadata Load (0.2ms)[0m  [1m[34mSELECT "ar_internal_metadata".* FROM "ar_internal_metadata" WHERE "ar_internal_metadata"."key" = ? LIMIT ?[0m  [["key", "environment"], ["LIMIT", 1]]
  [1m[36mTRANSACTION (0.0ms)[0m  [1m[36mbegin transaction[0m
  [1m[36mActiveRecord::InternalMetadata Create (0.3ms)[0m  [1m[32mINSERT INTO "ar_internal_metadata" ("key", "value", "created_at", "updated_at") VALUES (?, ?, ?, ?)[0m  [["key", "environment"], ["value", "development"], ["created_at", "2022-06-26 18:03:41.290132"], ["updated_at", "2022-06-26 18:03:41.290132"]]
  [1m[36mTRANSACTION (0.8ms)[0m  [1m[36mcommit transaction[0m
  [1m[35m (0.0ms)[0m  [1m[34mSELECT sqlite_version(*)[0m
  [1m[36mActiveRecord::SchemaMigration Pluck (0.1ms)[0m  [1m[34mSELECT "schema_migrations"."version" FROM "schema_migrations" ORDER BY "schema_migrations"."version" ASC[0m
Started GET "/" for ::1 at 2022-06-26 14:03:53 -0400
  [1m[35m (0.5ms)[0m  [1m[34mSELECT sqlite_version(*)[0m
  [1m[36mActiveRecord::SchemaMigration Pluck (0.1ms)[0m  [1m[34mSELECT "schema_migrations"."version" FROM "schema_migrations" ORDER BY "schema_migrations"."version" ASC[0m
Processing by ElectsController#index as HTML
  Rendering layout layouts/application.html.erb
  Rendering elects/index.html.erb within layouts/application
  [1m[36mElect Load (0.3ms)[0m  [1m[34mSELECT "elects".* FROM "elects"[0m
  ↳ app/views/elects/index.html.erb:6
  Rendered elects/index.html.erb within layouts/application (Duration: 9.4ms | Allocations: 1499)
  Rendered layout layouts/application.html.erb (Duration: 261.4ms | Allocations: 98724)
Completed 200 OK in 307ms (Views: 276.1ms | ActiveRecord: 0.3ms | Allocations: 104734)


Started GET "/" for ::1 at 2022-06-26 14:03:55 -0400
Processing by ElectsController#index as HTML
  Rendering layout layouts/application.html.erb
  Rendering elects/index.html.erb within layouts/application
  [1m[36mElect Load (0.2ms)[0m  [1m[34mSELECT "elects".* FROM "elects"[0m
  ↳ app/views/elects/index.html.erb:6
  Rendered elects/index.html.erb within layouts/application (Duration: 2.0ms | Allocations: 812)
  Rendered layout layouts/application.html.erb (Duration: 4.7ms | Allocations: 3060)
Completed 200 OK in 7ms (Views: 5.5ms | ActiveRecord: 0.2ms | Allocations: 3402)


Started GET "/" for ::1 at 2022-06-26 14:05:54 -0400
  [1m[35m (0.5ms)[0m  [1m[34mSELECT sqlite_version(*)[0m
  [1m[36mActiveRecord::SchemaMigration Pluck (0.2ms)[0m  [1m[34mSELECT "schema_migrations"."version" FROM "schema_migrations" ORDER BY "schema_migrations"."version" ASC[0m
Processing by ElectsController#index as HTML
  Rendering layout layouts/application.html.erb
  Rendering elects/index.html.erb within layouts/application
  [1m[36mElect Load (0.2ms)[0m  [1m[34mSELECT "elects".* FROM "elects"[0m
  ↳ app/views/elects/index.html.erb:6
  Rendered elects/index.html.erb within layouts/application (Duration: 4.6ms | Allocations: 1615)
  Rendered layout layouts/application.html.erb (Duration: 62.1ms | Allocations: 36624)
Completed 200 OK in 73ms (Views: 65.7ms | ActiveRecord: 0.2ms | Allocations: 42786)


Started GET "/elects/new" for ::1 at 2022-06-26 14:05:56 -0400
Processing by ElectsController#new as HTML
  Rendering layout layouts/application.html.erb
  Rendering elects/new.html.erb within layouts/application
  Rendered elects/_form.html.erb (Duration: 22.0ms | Allocations: 5694)
  Rendered elects/new.html.erb within layouts/application (Duration: 23.7ms | Allocations: 6033)
  Rendered layout layouts/application.html.erb (Duration: 27.1ms | Allocations: 8284)
Completed 200 OK in 42ms (Views: 27.8ms | ActiveRecord: 0.5ms | Allocations: 13268)


Started POST "/elects" for ::1 at 2022-06-26 14:06:03 -0400
Processing by ElectsController#create as TURBO_STREAM
  Parameters: {"authenticity_token"=>"[FILTERED]", "elect"=>{"name"=>"Governor", "facts"=>"Runs state"}, "commit"=>"Create Elect"}
  [1m[36mTRANSACTION (0.1ms)[0m  [1m[36mbegin transaction[0m
  ↳ app/controllers/elects_controller.rb:27:in `block in create'
  [1m[36mElect Exists? (0.2ms)[0m  [1m[34mSELECT 1 AS one FROM "elects" WHERE "elects"."name" = ? LIMIT ?[0m  [["name", "Governor"], ["LIMIT", 1]]
  ↳ app/controllers/elects_controller.rb:27:in `block in create'
  [1m[36mElect Create (0.8ms)[0m  [1m[32mINSERT INTO "elects" ("name", "facts", "created_at", "updated_at") VALUES (?, ?, ?, ?)[0m  [["name", "Governor"], ["facts", "Runs state"], ["created_at", "2022-06-26 18:06:03.757947"], ["updated_at", "2022-06-26 18:06:03.757947"]]
  ↳ app/controllers/elects_controller.rb:27:in `block in create'
  [1m[36mTRANSACTION (0.7ms)[0m  [1m[36mcommit transaction[0m
  ↳ app/controllers/elects_controller.rb:27:in `block in create'
Redirected to http://localhost:3000/elects/1
Completed 302 Found in 11ms (ActiveRecord: 1.8ms | Allocations: 5859)


Started GET "/elects/1" for ::1 at 2022-06-26 14:06:03 -0400
Processing by ElectsController#show as TURBO_STREAM
  Parameters: {"id"=>"1"}
  [1m[36mElect Load (0.1ms)[0m  [1m[34mSELECT "elects".* FROM "elects" WHERE "elects"."id" = ? LIMIT ?[0m  [["id", 1], ["LIMIT", 1]]
  ↳ app/controllers/elects_controller.rb:63:in `set_elect'
  Rendering layout layouts/application.html.erb
  Rendering elects/show.html.erb within layouts/application
  Rendered elects/_elect.html.erb (Duration: 0.6ms | Allocations: 205)
  Rendered elects/show.html.erb within layouts/application (Duration: 3.8ms | Allocations: 1511)
  Rendered layout layouts/application.html.erb (Duration: 6.4ms | Allocations: 3738)
Completed 200 OK in 9ms (Views: 7.0ms | ActiveRecord: 0.1ms | Allocations: 5323)


Started GET "/elects" for ::1 at 2022-06-26 14:06:06 -0400
Processing by ElectsController#index as HTML
  Rendering layout layouts/application.html.erb
  Rendering elects/index.html.erb within layouts/application
  [1m[36mElect Load (0.2ms)[0m  [1m[34mSELECT "elects".* FROM "elects"[0m
  ↳ app/views/elects/index.html.erb:6
  Rendered elects/_elect.html.erb (Duration: 0.1ms | Allocations: 23)
  Rendered elects/index.html.erb within layouts/application (Duration: 3.7ms | Allocations: 952)
  Rendered layout layouts/application.html.erb (Duration: 8.0ms | Allocations: 3200)
Completed 200 OK in 10ms (Views: 8.7ms | ActiveRecord: 0.2ms | Allocations: 3542)


Started GET "/elects/new" for ::1 at 2022-06-26 14:06:07 -0400
Processing by ElectsController#new as HTML
  Rendering layout layouts/application.html.erb
  Rendering elects/new.html.erb within layouts/application
  Rendered elects/_form.html.erb (Duration: 1.9ms | Allocations: 1083)
  Rendered elects/new.html.erb within layouts/application (Duration: 2.9ms | Allocations: 1185)
  Rendered layout layouts/application.html.erb (Duration: 6.8ms | Allocations: 3420)
Completed 200 OK in 12ms (Views: 10.6ms | ActiveRecord: 0.0ms | Allocations: 3764)


Started POST "/elects" for ::1 at 2022-06-26 14:06:13 -0400
Processing by ElectsController#create as TURBO_STREAM
  Parameters: {"authenticity_token"=>"[FILTERED]", "elect"=>{"name"=>"Governor", "facts"=>"same."}, "commit"=>"Create Elect"}
  [1m[36mTRANSACTION (0.1ms)[0m  [1m[36mbegin transaction[0m
  ↳ app/controllers/elects_controller.rb:27:in `block in create'
  [1m[36mElect Exists? (0.2ms)[0m  [1m[34mSELECT 1 AS one FROM "elects" WHERE "elects"."name" = ? LIMIT ?[0m  [["name", "Governor"], ["LIMIT", 1]]
  ↳ app/controllers/elects_controller.rb:27:in `block in create'
  [1m[36mTRANSACTION (0.1ms)[0m  [1m[31mrollback transaction[0m
  ↳ app/controllers/elects_controller.rb:27:in `block in create'
  Rendering layout layouts/application.html.erb
  Rendering elects/new.html.erb within layouts/application
  Rendered elects/_form.html.erb (Duration: 3.3ms | Allocations: 1951)
  Rendered elects/new.html.erb within layouts/application (Duration: 3.5ms | Allocations: 2062)
  Rendered layout layouts/application.html.erb (Duration: 6.4ms | Allocations: 4344)
Completed 422 Unprocessable Entity in 12ms (Views: 6.9ms | ActiveRecord: 0.3ms | Allocations: 7265)


Started POST "/elects" for ::1 at 2022-06-26 14:06:18 -0400
Processing by ElectsController#create as TURBO_STREAM
  Parameters: {"authenticity_token"=>"[FILTERED]", "elect"=>{"name"=>"Governor1", "facts"=>""}, "commit"=>"Create Elect"}
  [1m[36mTRANSACTION (0.1ms)[0m  [1m[36mbegin transaction[0m
  ↳ app/controllers/elects_controller.rb:27:in `block in create'
  [1m[36mElect Exists? (0.1ms)[0m  [1m[34mSELECT 1 AS one FROM "elects" WHERE "elects"."name" = ? LIMIT ?[0m  [["name", "Governor1"], ["LIMIT", 1]]
  ↳ app/controllers/elects_controller.rb:27:in `block in create'
  [1m[36mTRANSACTION (0.1ms)[0m  [1m[31mrollback transaction[0m
  ↳ app/controllers/elects_controller.rb:27:in `block in create'
  Rendering layout layouts/application.html.erb
  Rendering elects/new.html.erb within layouts/application
  Rendered elects/_form.html.erb (Duration: 2.7ms | Allocations: 1915)
  Rendered elects/new.html.erb within layouts/application (Duration: 2.9ms | Allocations: 2026)
  Rendered layout layouts/application.html.erb (Duration: 5.5ms | Allocations: 4308)
Completed 422 Unprocessable Entity in 10ms (Views: 6.0ms | ActiveRecord: 0.2ms | Allocations: 7205)


